<?xml version="1.0" encoding="UTF-8"?>
<!-- Generated by org.testng.reporters.JUnitReportReporter -->
<testsuite hostname="DESKTOP-JMARC6I" failures="0" tests="3" name="config.TestScript" time="4.451" errors="0" timestamp="2022-11-22T14:16:26 IST" skipped="0">
  <testcase classname="config.TestScript" name="Branches" time="1.509"/>
  <system-out>
    <![CDATA[Executing Branches Test]]>
  </system-out>
  <testcase classname="config.TestScript" name="Users" time="1.665"/>
  <system-out>
    <![CDATA[Executing Users Test]]>
  </system-out>
  <testcase classname="config.TestScript" name="Roles" time="1.277"/>
  <system-out>
    <![CDATA[Executing Roles Test]]>
  </system-out>
</testsuite> <!-- config.TestScript -->
