<?xml version="1.0" encoding="UTF-8"?>
<!-- Generated by org.testng.reporters.JUnitReportReporter -->
<testsuite hostname="DESKTOP-JMARC6I" failures="0" tests="3" name="nov25.VerifyAsserts" time="74.949" errors="0" timestamp="2022-11-25T21:12:07 IST" skipped="0">
  <testcase classname="nov25.VerifyAsserts" name="verifyTitle2" time="17.066"/>
  <system-out/>
  <testcase classname="nov25.VerifyAsserts" name="verifyTitle1" time="14.181"/>
  <system-out/>
  <testcase classname="nov25.VerifyAsserts" name="verifyTitle3" time="43.702"/>
  <system-out/>
</testsuite> <!-- nov25.VerifyAsserts -->
