<?xml version="1.0" encoding="UTF-8"?>
<!-- Generated by org.testng.reporters.JUnitReportReporter -->
<testsuite hostname="DESKTOP-JMARC6I" failures="0" tests="1" name="nov22.PropertyFile1" time="6.941" errors="0" timestamp="2022-11-23T12:08:22 IST" skipped="0">
  <testcase classname="nov22.PropertyFile1" name="validateRegister" time="6.941"/>
  <system-out/>
</testsuite> <!-- nov22.PropertyFile1 -->
