<?xml version="1.0" encoding="UTF-8"?>
<!-- Generated by org.testng.reporters.JUnitReportReporter -->
<testsuite hostname="DESKTOP-JMARC6I" failures="0" tests="5" name="config.TestScript1" time="30.499" errors="0" timestamp="2022-11-23T19:02:54 IST" skipped="1">
  <testcase classname="config.TestScript1" name="division" time="7.309"/>
  <system-out>
    <![CDATA[Executing Division test]]>
  </system-out>
  <testcase classname="config.TestScript1" name="division" time="8.565"/>
  <system-out>
    <![CDATA[Executing Division test]]>
  </system-out>
  <testcase classname="config.TestScript1" name="division" time="7.379"/>
  <system-out>
    <![CDATA[Executing Division test]]>
  </system-out>
  <testcase classname="config.TestScript1" name="multiplication" time="7.246"/>
  <system-out>
    <![CDATA[Executing Multiplication test]]>
  </system-out>
  <testcase classname="config.TestScript1" name="addition">
    <skipped/>
  </testcase> <!-- addition -->
  <system-out/>
</testsuite> <!-- config.TestScript1 -->
