<?xml version="1.0" encoding="UTF-8"?>
<!-- Generated by org.testng.reporters.JUnitReportReporter -->
<testsuite hostname="DESKTOP-JMARC6I" failures="0" tests="1" name="nov22.PropertyFile" time="4.348" errors="0" timestamp="2022-11-22T21:10:29 IST" skipped="0">
  <testcase classname="nov22.PropertyFile" name="validateRegister" time="4.348"/>
  <system-out/>
</testsuite> <!-- nov22.PropertyFile -->
