<?xml version="1.0" encoding="UTF-8"?>
<!-- Generated by org.testng.reporters.JUnitReportReporter -->
<testsuite hostname="DESKTOP-JMARC6I" failures="0" tests="5" name="config.Login" time="51.012" errors="0" timestamp="2022-11-23T19:14:25 IST" skipped="0">
  <testcase classname="config.Login" name="ValidateLogin" time="8.554"/>
  <system-out/>
  <testcase classname="config.Login" name="ValidateLogin" time="6.846"/>
  <system-out/>
  <testcase classname="config.Login" name="ValidateLogin" time="6.219"/>
  <system-out/>
  <testcase classname="config.Login" name="ValidateLogin" time="15.263"/>
  <system-out/>
  <testcase classname="config.Login" name="ValidateLogin" time="14.130"/>
  <system-out/>
</testsuite> <!-- config.Login -->
